<?xml version="1.0" encoding="UTF-8"?>
<testng-results ignored="0" total="1" passed="1" failed="0" skipped="0">
  <reporter-output>
  </reporter-output>
  <suite started-at="2023-03-16T13:27:50 IST" name="Default suite" finished-at="2023-03-16T13:27:55 IST" duration-ms="4848">
    <groups>
    </groups>
    <test started-at="2023-03-16T13:27:50 IST" name="Default test" finished-at="2023-03-16T13:27:55 IST" duration-ms="4848">
      <class name="com.ab.ApiCodeJiraRest.App">
        <test-method signature="addComment()[pri:0, instance:com.ab.ApiCodeJiraRest.App@4ac3c60d]" started-at="2023-03-16T13:27:51 IST" name="addComment" finished-at="2023-03-16T13:27:55 IST" duration-ms="4773" status="PASS">
          <reporter-output>
          </reporter-output>
        </test-method> <!-- addComment -->
      </class> <!-- com.ab.ApiCodeJiraRest.App -->
    </test> <!-- Default test -->
  </suite> <!-- Default suite -->
</testng-results>
